android-twa/app/build/intermediates/manifest_merge_blame_file/debug/processDebugMainManifest/manifest-merger-blame-debug-report.txt
1<?xml version="1.0" encoding="utf-8"?>
2<!--
3    Copyright 2019 Google Inc. All Rights Reserved.
4
5     Licensed under the Apache License, Version 2.0 (the "License");
6     you may not use this file except in compliance with the License.
7     You may obtain a copy of the License at
8
9         http://www.apache.org/licenses/LICENSE-2.0
10
11     Unless required by applicable law or agreed to in writing, software
12     distributed under the License is distributed on an "AS IS" BASIS,
13     WITHOUT WARRANTIES OR CONDITIONS OF ANY KIND, either express or implied.
14     See the License for the specific language governing permissions and
15     limitations under the License.
16-->
17<!--
18 The "package" attribute is rewritten by the Gradle build with the value of applicationId.
19     It is still required here, as it is used to derive paths, for instance when referring
20     to an Activity by ".MyActivity" instead of the full name. If more Activities are added to the
21     application, the package attribute will need to reflect the correct path in order to use
22     the abbreviated format.
23-->
24<manifest xmlns:android="http://schemas.android.com/apk/res/android"
25    package="com.muonmechatronics.smartartse"
26    android:versionCode="3"
27    android:versionName="1.0.0" >
28
29    <uses-sdk
30        android:minSdkVersion="21"
31        android:targetSdkVersion="36" />
32
33    <queries>
33-->[com.google.androidbrowserhelper:androidbrowserhelper:2.6.2] AndroidManifest.xml:22:5-30:15
34        <intent>
34-->[com.google.androidbrowserhelper:androidbrowserhelper:2.6.2] AndroidManifest.xml:23:9-29:18
35            <action android:name="android.intent.action.VIEW" />
35-->src\main\AndroidManifest.xml:146:17-68
35-->src\main\AndroidManifest.xml:146:25-66
36
37            <category android:name="android.intent.category.BROWSABLE" />
37-->src\main\AndroidManifest.xml:148:17-77
37-->src\main\AndroidManifest.xml:148:27-75
38
39            <data android:scheme="https" />
39-->src\main\AndroidManifest.xml:149:17-152:19
39-->src\main\AndroidManifest.xml:149:23-45
40        </intent>
41    </queries>
42
43    <permission
43-->[androidx.core:core:1.13.0] AndroidManifest.xml:22:5-24:47
44        android:name="com.muonmechatronics.smartartse.DYNAMIC_RECEIVER_NOT_EXPORTED_PERMISSION"
44-->[androidx.core:core:1.13.0] AndroidManifest.xml:23:9-81
45        android:protectionLevel="signature" />
45-->[androidx.core:core:1.13.0] AndroidManifest.xml:24:9-44
46
47    <uses-permission android:name="com.muonmechatronics.smartartse.DYNAMIC_RECEIVER_NOT_EXPORTED_PERMISSION" />
47-->[androidx.core:core:1.13.0] AndroidManifest.xml:26:5-97
47-->[androidx.core:core:1.13.0] AndroidManifest.xml:26:22-94
48
49    <application
49-->src\main\AndroidManifest.xml:33:5-191:19
50        android:name="com.muonmechatronics.smartartse.Application"
50-->src\main\AndroidManifest.xml:34:9-35
51        android:allowBackup="true"
51-->src\main\AndroidManifest.xml:35:9-35
52        android:appComponentFactory="androidx.core.app.CoreComponentFactory"
52-->[androidx.core:core:1.13.0] AndroidManifest.xml:28:18-86
53        android:debuggable="true"
54        android:extractNativeLibs="true"
55        android:icon="@mipmap/ic_launcher"
55-->src\main\AndroidManifest.xml:36:9-43
56        android:label="@string/appName"
56-->src\main\AndroidManifest.xml:37:9-40
57        android:manageSpaceActivity="com.google.androidbrowserhelper.trusted.ManageDataLauncherActivity"
57-->src\main\AndroidManifest.xml:39:9-105
58        android:supportsRtl="true"
58-->src\main\AndroidManifest.xml:41:9-35
59        android:theme="@android:style/Theme.Translucent.NoTitleBar" >
59-->src\main\AndroidManifest.xml:42:9-68
60        <meta-data
60-->src\main\AndroidManifest.xml:44:9-46:58
61            android:name="asset_statements"
61-->src\main\AndroidManifest.xml:45:13-44
62            android:resource="@string/assetStatements" />
62-->src\main\AndroidManifest.xml:46:13-55
63        <meta-data
63-->src\main\AndroidManifest.xml:49:13-51:58
64            android:name="web_manifest_url"
64-->src\main\AndroidManifest.xml:50:17-48
65            android:value="@string/webManifestUrl" />
65-->src\main\AndroidManifest.xml:51:17-55
66        <meta-data
66-->src\main\AndroidManifest.xml:54:9-56:52
67            android:name="twa_generator"
67-->src\main\AndroidManifest.xml:55:13-41
68            android:value="@string/generatorApp" />
68-->src\main\AndroidManifest.xml:56:13-49
69
70        <activity
70-->src\main\AndroidManifest.xml:63:13-74:24
71            android:name="com.google.androidbrowserhelper.trusted.ManageDataLauncherActivity"
71-->src\main\AndroidManifest.xml:63:23-104
72            android:enabled="true"
72-->src\main\AndroidManifest.xml:65:17-39
73            android:excludeFromRecents="true"
73-->src\main\AndroidManifest.xml:66:17-50
74            android:exported="false" >
74-->src\main\AndroidManifest.xml:64:17-41
75            <meta-data
75-->src\main\AndroidManifest.xml:67:17-69:57
76                android:name="android.support.customtabs.trusted.MANAGE_SPACE_URL"
76-->src\main\AndroidManifest.xml:68:21-87
77                android:value="@string/launchUrl" />
77-->src\main\AndroidManifest.xml:69:21-54
78
79            <intent-filter>
79-->src\main\AndroidManifest.xml:70:17-73:33
80                <action android:name="android.intent.action.APPLICATION_PREFERENCES" />
80-->src\main\AndroidManifest.xml:71:21-92
80-->src\main\AndroidManifest.xml:71:29-89
81
82                <category android:name="android.intent.category.DEFAULT" />
82-->src\main\AndroidManifest.xml:72:21-80
82-->src\main\AndroidManifest.xml:72:31-77
83            </intent-filter>
84        </activity>
85        <activity
85-->src\main\AndroidManifest.xml:77:9-158:20
86            android:name="com.muonmechatronics.smartartse.LauncherActivity"
86-->src\main\AndroidManifest.xml:77:19-50
87            android:alwaysRetainTaskState="true"
87-->src\main\AndroidManifest.xml:78:13-49
88            android:exported="true"
88-->src\main\AndroidManifest.xml:80:13-36
89            android:label="@string/launcherName" >
89-->src\main\AndroidManifest.xml:79:13-49
90            <meta-data
90-->src\main\AndroidManifest.xml:81:13-82:53
91                android:name="android.support.customtabs.trusted.DEFAULT_URL"
91-->src\main\AndroidManifest.xml:81:24-85
92                android:value="@string/launchUrl" />
92-->src\main\AndroidManifest.xml:82:17-50
93            <meta-data
93-->src\main\AndroidManifest.xml:84:13-86:58
94                android:name="android.support.customtabs.trusted.STATUS_BAR_COLOR"
94-->src\main\AndroidManifest.xml:85:17-83
95                android:resource="@color/colorPrimary" />
95-->src\main\AndroidManifest.xml:86:17-55
96            <meta-data
96-->src\main\AndroidManifest.xml:90:13-92:62
97                android:name="android.support.customtabs.trusted.STATUS_BAR_COLOR_DARK"
97-->src\main\AndroidManifest.xml:91:17-88
98                android:resource="@color/colorPrimaryDark" />
98-->src\main\AndroidManifest.xml:92:17-59
99            <meta-data
99-->src\main\AndroidManifest.xml:94:13-96:61
100                android:name="android.support.customtabs.trusted.NAVIGATION_BAR_COLOR"
100-->src\main\AndroidManifest.xml:95:17-87
101                android:resource="@color/navigationColor" />
101-->src\main\AndroidManifest.xml:96:17-58
102            <meta-data
102-->src\main\AndroidManifest.xml:98:13-100:65
103                android:name="android.support.customtabs.trusted.NAVIGATION_BAR_COLOR_DARK"
103-->src\main\AndroidManifest.xml:99:17-92
104                android:resource="@color/navigationColorDark" />
104-->src\main\AndroidManifest.xml:100:17-62
105            <meta-data
105-->src\main\AndroidManifest.xml:102:13-104:68
106                android:name="androix.browser.trusted.NAVIGATION_BAR_DIVIDER_COLOR"
106-->src\main\AndroidManifest.xml:103:17-84
107                android:resource="@color/navigationDividerColor" />
107-->src\main\AndroidManifest.xml:104:17-65
108            <meta-data
108-->src\main\AndroidManifest.xml:106:13-108:72
109                android:name="androix.browser.trusted.NAVIGATION_BAR_DIVIDER_COLOR_DARK"
109-->src\main\AndroidManifest.xml:107:17-89
110                android:resource="@color/navigationDividerColorDark" />
110-->src\main\AndroidManifest.xml:108:17-69
111            <meta-data
111-->src\main\AndroidManifest.xml:110:13-111:54
112                android:name="android.support.customtabs.trusted.SPLASH_IMAGE_DRAWABLE"
112-->src\main\AndroidManifest.xml:110:24-95
113                android:resource="@drawable/splash" />
113-->src\main\AndroidManifest.xml:111:17-52
114            <meta-data
114-->src\main\AndroidManifest.xml:113:13-114:60
115                android:name="android.support.customtabs.trusted.SPLASH_SCREEN_BACKGROUND_COLOR"
115-->src\main\AndroidManifest.xml:113:24-104
116                android:resource="@color/backgroundColor" />
116-->src\main\AndroidManifest.xml:114:17-58
117            <meta-data
117-->src\main\AndroidManifest.xml:116:13-117:71
118                android:name="android.support.customtabs.trusted.SPLASH_SCREEN_FADE_OUT_DURATION"
118-->src\main\AndroidManifest.xml:116:24-105
119                android:value="@integer/splashScreenFadeOutDuration" />
119-->src\main\AndroidManifest.xml:117:17-69
120            <meta-data
120-->src\main\AndroidManifest.xml:119:13-120:60
121                android:name="android.support.customtabs.trusted.FILE_PROVIDER_AUTHORITY"
121-->src\main\AndroidManifest.xml:119:24-97
122                android:value="@string/providerAuthority" />
122-->src\main\AndroidManifest.xml:120:17-58
123            <meta-data
123-->src\main\AndroidManifest.xml:122:13-97
124                android:name="android.app.shortcuts"
124-->src\main\AndroidManifest.xml:122:24-60
125                android:resource="@xml/shortcuts" />
125-->src\main\AndroidManifest.xml:122:61-94
126            <meta-data
126-->src\main\AndroidManifest.xml:124:13-125:56
127                android:name="android.support.customtabs.trusted.FALLBACK_STRATEGY"
127-->src\main\AndroidManifest.xml:124:24-91
128                android:value="@string/fallbackType" />
128-->src\main\AndroidManifest.xml:125:17-53
129            <meta-data
129-->src\main\AndroidManifest.xml:131:13-132:54
130                android:name="android.support.customtabs.trusted.SCREEN_ORIENTATION"
130-->src\main\AndroidManifest.xml:131:24-92
131                android:value="@string/orientation" />
131-->src\main\AndroidManifest.xml:132:17-52
132
133            <intent-filter>
133-->src\main\AndroidManifest.xml:140:13-143:29
134                <action android:name="android.intent.action.MAIN" />
134-->src\main\AndroidManifest.xml:141:17-69
134-->src\main\AndroidManifest.xml:141:25-66
135
136                <category android:name="android.intent.category.LAUNCHER" />
136-->src\main\AndroidManifest.xml:142:17-77
136-->src\main\AndroidManifest.xml:142:27-74
137            </intent-filter>
138            <intent-filter android:autoVerify="true" >
138-->src\main\AndroidManifest.xml:145:13-153:29
138-->src\main\AndroidManifest.xml:145:28-53
139                <action android:name="android.intent.action.VIEW" />
139-->src\main\AndroidManifest.xml:146:17-68
139-->src\main\AndroidManifest.xml:146:25-66
140
141                <category android:name="android.intent.category.DEFAULT" />
141-->src\main\AndroidManifest.xml:72:21-80
141-->src\main\AndroidManifest.xml:72:31-77
142                <category android:name="android.intent.category.BROWSABLE" />
142-->src\main\AndroidManifest.xml:148:17-77
142-->src\main\AndroidManifest.xml:148:27-75
143
144                <data
144-->src\main\AndroidManifest.xml:149:17-152:19
145                    android:host="@string/hostName"
145-->src\main\AndroidManifest.xml:150:21-52
146                    android:scheme="https" />
146-->src\main\AndroidManifest.xml:149:23-45
147            </intent-filter>
148        </activity>
149        <activity android:name="com.google.androidbrowserhelper.trusted.FocusActivity" />
149-->src\main\AndroidManifest.xml:160:9-90
149-->src\main\AndroidManifest.xml:160:19-87
150        <activity
150-->src\main\AndroidManifest.xml:162:9-163:62
151            android:name="com.google.androidbrowserhelper.trusted.WebViewFallbackActivity"
151-->src\main\AndroidManifest.xml:162:19-97
152            android:configChanges="orientation|screenSize" />
152-->src\main\AndroidManifest.xml:163:13-59
153
154        <provider
154-->src\main\AndroidManifest.xml:165:9-173:20
155            android:name="androidx.core.content.FileProvider"
155-->src\main\AndroidManifest.xml:166:13-62
156            android:authorities="@string/providerAuthority"
156-->src\main\AndroidManifest.xml:167:13-60
157            android:exported="false"
157-->src\main\AndroidManifest.xml:169:13-37
158            android:grantUriPermissions="true" >
158-->src\main\AndroidManifest.xml:168:13-47
159            <meta-data
159-->src\main\AndroidManifest.xml:170:13-172:53
160                android:name="android.support.FILE_PROVIDER_PATHS"
160-->src\main\AndroidManifest.xml:171:17-67
161                android:resource="@xml/filepaths" />
161-->src\main\AndroidManifest.xml:172:17-50
162        </provider>
163
164        <service
164-->src\main\AndroidManifest.xml:175:9-186:19
165            android:name="com.muonmechatronics.smartartse.DelegationService"
165-->src\main\AndroidManifest.xml:176:13-46
166            android:enabled="@bool/enableNotification"
166-->src\main\AndroidManifest.xml:177:13-55
167            android:exported="@bool/enableNotification" >
167-->src\main\AndroidManifest.xml:178:13-56
168            <intent-filter>
168-->src\main\AndroidManifest.xml:182:13-185:29
169                <action android:name="android.support.customtabs.trusted.TRUSTED_WEB_ACTIVITY_SERVICE" />
169-->src\main\AndroidManifest.xml:183:17-105
169-->src\main\AndroidManifest.xml:183:25-103
170
171                <category android:name="android.intent.category.DEFAULT" />
171-->src\main\AndroidManifest.xml:72:21-80
171-->src\main\AndroidManifest.xml:72:31-77
172            </intent-filter>
173        </service>
174
175        <provider
175-->[androidx.emoji2:emoji2:1.3.0] AndroidManifest.xml:24:9-32:20
176            android:name="androidx.startup.InitializationProvider"
176-->[androidx.emoji2:emoji2:1.3.0] AndroidManifest.xml:25:13-67
177            android:authorities="com.muonmechatronics.smartartse.androidx-startup"
177-->[androidx.emoji2:emoji2:1.3.0] AndroidManifest.xml:26:13-68
178            android:exported="false" >
178-->[androidx.emoji2:emoji2:1.3.0] AndroidManifest.xml:27:13-37
179            <meta-data
179-->[androidx.emoji2:emoji2:1.3.0] AndroidManifest.xml:29:13-31:52
180                android:name="androidx.emoji2.text.EmojiCompatInitializer"
180-->[androidx.emoji2:emoji2:1.3.0] AndroidManifest.xml:30:17-75
181                android:value="androidx.startup" />
181-->[androidx.emoji2:emoji2:1.3.0] AndroidManifest.xml:31:17-49
182            <meta-data
182-->[androidx.lifecycle:lifecycle-process:2.6.2] AndroidManifest.xml:29:13-31:52
183                android:name="androidx.lifecycle.ProcessLifecycleInitializer"
183-->[androidx.lifecycle:lifecycle-process:2.6.2] AndroidManifest.xml:30:17-78
184                android:value="androidx.startup" />
184-->[androidx.lifecycle:lifecycle-process:2.6.2] AndroidManifest.xml:31:17-49
185            <meta-data
185-->[androidx.profileinstaller:profileinstaller:1.3.1] AndroidManifest.xml:29:13-31:52
186                android:name="androidx.profileinstaller.ProfileInstallerInitializer"
186-->[androidx.profileinstaller:profileinstaller:1.3.1] AndroidManifest.xml:30:17-85
187                android:value="androidx.startup" />
187-->[androidx.profileinstaller:profileinstaller:1.3.1] AndroidManifest.xml:31:17-49
188        </provider>
189
190        <receiver
190-->[androidx.profileinstaller:profileinstaller:1.3.1] AndroidManifest.xml:34:9-52:20
191            android:name="androidx.profileinstaller.ProfileInstallReceiver"
191-->[androidx.profileinstaller:profileinstaller:1.3.1] AndroidManifest.xml:35:13-76
192            android:directBootAware="false"
192-->[androidx.profileinstaller:profileinstaller:1.3.1] AndroidManifest.xml:36:13-44
193            android:enabled="true"
193-->[androidx.profileinstaller:profileinstaller:1.3.1] AndroidManifest.xml:37:13-35
194            android:exported="true"
194-->[androidx.profileinstaller:profileinstaller:1.3.1] AndroidManifest.xml:38:13-36
195            android:permission="android.permission.DUMP" >
195-->[androidx.profileinstaller:profileinstaller:1.3.1] AndroidManifest.xml:39:13-57
196            <intent-filter>
196-->[androidx.profileinstaller:profileinstaller:1.3.1] AndroidManifest.xml:40:13-42:29
197                <action android:name="androidx.profileinstaller.action.INSTALL_PROFILE" />
197-->[androidx.profileinstaller:profileinstaller:1.3.1] AndroidManifest.xml:41:17-91
197-->[androidx.profileinstaller:profileinstaller:1.3.1] AndroidManifest.xml:41:25-88
198            </intent-filter>
199            <intent-filter>
199-->[androidx.profileinstaller:profileinstaller:1.3.1] AndroidManifest.xml:43:13-45:29
200                <action android:name="androidx.profileinstaller.action.SKIP_FILE" />
200-->[androidx.profileinstaller:profileinstaller:1.3.1] AndroidManifest.xml:44:17-85
200-->[androidx.profileinstaller:profileinstaller:1.3.1] AndroidManifest.xml:44:25-82
201            </intent-filter>
202            <intent-filter>
202-->[androidx.profileinstaller:profileinstaller:1.3.1] AndroidManifest.xml:46:13-48:29
203                <action android:name="androidx.profileinstaller.action.SAVE_PROFILE" />
203-->[androidx.profileinstaller:profileinstaller:1.3.1] AndroidManifest.xml:47:17-88
203-->[androidx.profileinstaller:profileinstaller:1.3.1] AndroidManifest.xml:47:25-85
204            </intent-filter>
205            <intent-filter>
205-->[androidx.profileinstaller:profileinstaller:1.3.1] AndroidManifest.xml:49:13-51:29
206                <action android:name="androidx.profileinstaller.action.BENCHMARK_OPERATION" />
206-->[androidx.profileinstaller:profileinstaller:1.3.1] AndroidManifest.xml:50:17-95
206-->[androidx.profileinstaller:profileinstaller:1.3.1] AndroidManifest.xml:50:25-92
207            </intent-filter>
208        </receiver>
209    </application>
210
211</manifest>